03-30 00:57:53 com_github_MitjaNemec_PlaceFootprints.action_place_footprints 647:Plugin executed on: 'win32'
03-30 00:57:53 com_github_MitjaNemec_PlaceFootprints.action_place_footprints 648:Plugin executed with python version: '3.11.5 (main, Jan 19 2024, 08:13:45) [MSC v.1936 64 bit (AMD64)]'
03-30 00:57:53 com_github_MitjaNemec_PlaceFootprints.action_place_footprints 649:KiCad build version: 8.0.1
03-30 00:57:53 com_github_MitjaNemec_PlaceFootprints.action_place_footprints 650:Plugin version: 3.0.0
03-30 00:57:53 com_github_MitjaNemec_PlaceFootprints.action_place_footprints 651:Frame repr: <wx._core.Frame object at 0x000002A0A86B4EE0>
03-30 00:57:53 com_github_MitjaNemec_PlaceFootprints.place_footprints 121:getting a list of all footprints on board
03-30 00:57:53 com_github_MitjaNemec_PlaceFootprints.place_footprints 156:Footprint C1 on root level
03-30 00:57:53 com_github_MitjaNemec_PlaceFootprints.place_footprints 156:Footprint C2 on root level
03-30 00:57:53 com_github_MitjaNemec_PlaceFootprints.place_footprints 156:Footprint C4 on root level
03-30 00:57:53 com_github_MitjaNemec_PlaceFootprints.place_footprints 156:Footprint C3 on root level
03-30 00:57:53 com_github_MitjaNemec_PlaceFootprints.place_footprints 156:Footprint TP6 on root level
03-30 00:57:53 com_github_MitjaNemec_PlaceFootprints.place_footprints 156:Footprint TP5 on root level
03-30 00:57:53 com_github_MitjaNemec_PlaceFootprints.place_footprints 156:Footprint TP4 on root level
03-30 00:57:53 com_github_MitjaNemec_PlaceFootprints.place_footprints 156:Footprint TP3 on root level
03-30 00:57:53 com_github_MitjaNemec_PlaceFootprints.place_footprints 156:Footprint TP2 on root level
03-30 00:57:53 com_github_MitjaNemec_PlaceFootprints.place_footprints 156:Footprint TP1 on root level
03-30 00:57:53 com_github_MitjaNemec_PlaceFootprints.place_footprints 156:Footprint H9 on root level
03-30 00:57:53 com_github_MitjaNemec_PlaceFootprints.place_footprints 156:Footprint H8 on root level
03-30 00:57:53 com_github_MitjaNemec_PlaceFootprints.place_footprints 156:Footprint H7 on root level
03-30 00:57:53 com_github_MitjaNemec_PlaceFootprints.place_footprints 156:Footprint H6 on root level
03-30 00:57:53 com_github_MitjaNemec_PlaceFootprints.place_footprints 156:Footprint H5 on root level
03-30 00:57:53 com_github_MitjaNemec_PlaceFootprints.place_footprints 156:Footprint H4 on root level
03-30 00:57:53 com_github_MitjaNemec_PlaceFootprints.place_footprints 156:Footprint H3 on root level
03-30 00:57:53 com_github_MitjaNemec_PlaceFootprints.place_footprints 156:Footprint H1 on root level
03-30 00:57:53 com_github_MitjaNemec_PlaceFootprints.place_footprints 156:Footprint U1 on root level
03-30 00:57:53 com_github_MitjaNemec_PlaceFootprints.place_footprints 156:Footprint H2 on root level
03-30 00:57:53 com_github_MitjaNemec_PlaceFootprints.place_footprints 156:Footprint U2 on root level
03-30 00:57:54 com_github_MitjaNemec_PlaceFootprints.action_place_footprints 830:Reference designator is: R
03-30 00:57:54 com_github_MitjaNemec_PlaceFootprints.action_place_footprints 831:Reference number is: 30
03-30 00:57:54 com_github_MitjaNemec_PlaceFootprints.action_place_footprints 863:Sorted and filtered list:
['R1', 'R2', 'R3', 'R4', 'R5', 'R6', 'R7', 'R8', 'R9', 'R10', 'R11', 'R12', 'R13', 'R14', 'R15', 'R16', 'R17', 'R18', 'R19', 'R20', 'R21', 'R22', 'R23', 'R24', 'R25', 'R26', 'R27', 'R28', 'R29', 'R30', 'R31', 'R32', 'R33', 'R34', 'R35', 'R36', 'R37', 'R38', 'R39', 'R40', 'R41', 'R42', 'R43', 'R44', 'R45', 'R46', 'R47', 'R48', 'R49', 'R50', 'R51', 'R52', 'R53', 'R54', 'R55', 'R56', 'R57', 'R58', 'R59', 'R60']
03-30 00:57:54 com_github_MitjaNemec_PlaceFootprints.action_place_footprints 359:wx.Colour(240, 240, 240, 255)
03-30 00:58:07 com_github_MitjaNemec_PlaceFootprints.action_place_footprints 490:'50'
03-30 00:58:07 com_github_MitjaNemec_PlaceFootprints.action_place_footprints 536:Preparing config for reference linear
03-30 00:58:07 com_github_MitjaNemec_PlaceFootprints.action_place_footprints 556:Saving config file
03-30 00:58:07 com_github_MitjaNemec_PlaceFootprints.action_place_footprints 558:Saved the config file
03-30 00:58:07 com_github_MitjaNemec_PlaceFootprints.action_place_footprints 901:Footprints to place:
['R30', 'R34', 'R38']
03-30 00:58:07 com_github_MitjaNemec_PlaceFootprints.place_footprints 367:Starting placing with linear layout
03-30 00:58:07 com_github_MitjaNemec_PlaceFootprints.action_place_footprints 942:Placing complete
