04-12 13:46:56 com_github_MitjaNemec_PlaceFootprints.action_place_footprints 647:Plugin executed on: 'win32'
04-12 13:46:56 com_github_MitjaNemec_PlaceFootprints.action_place_footprints 648:Plugin executed with python version: '3.11.5 (main, Jan 19 2024, 08:13:45) [MSC v.1936 64 bit (AMD64)]'
04-12 13:46:56 com_github_MitjaNemec_PlaceFootprints.action_place_footprints 649:KiCad build version: 8.0.1-rc1
04-12 13:46:56 com_github_MitjaNemec_PlaceFootprints.action_place_footprints 650:Plugin version: 3.0.0
04-12 13:46:56 com_github_MitjaNemec_PlaceFootprints.action_place_footprints 651:Frame repr: <wx._core.Frame object at 0x000002C570198940>
04-12 13:46:56 com_github_MitjaNemec_PlaceFootprints.place_footprints 121:getting a list of all footprints on board
04-12 13:46:56 com_github_MitjaNemec_PlaceFootprints.place_footprints 156:Footprint H9 on root level
04-12 13:46:56 com_github_MitjaNemec_PlaceFootprints.place_footprints 156:Footprint H8 on root level
04-12 13:46:56 com_github_MitjaNemec_PlaceFootprints.place_footprints 156:Footprint H7 on root level
04-12 13:46:56 com_github_MitjaNemec_PlaceFootprints.place_footprints 156:Footprint H6 on root level
04-12 13:46:56 com_github_MitjaNemec_PlaceFootprints.place_footprints 156:Footprint H5 on root level
04-12 13:46:56 com_github_MitjaNemec_PlaceFootprints.place_footprints 156:Footprint H4 on root level
04-12 13:46:56 com_github_MitjaNemec_PlaceFootprints.place_footprints 156:Footprint H3 on root level
04-12 13:46:56 com_github_MitjaNemec_PlaceFootprints.place_footprints 156:Footprint J22 on root level
04-12 13:46:56 com_github_MitjaNemec_PlaceFootprints.place_footprints 156:Footprint J21 on root level
04-12 13:46:56 com_github_MitjaNemec_PlaceFootprints.place_footprints 156:Footprint J20 on root level
04-12 13:46:56 com_github_MitjaNemec_PlaceFootprints.place_footprints 156:Footprint J19 on root level
04-12 13:46:56 com_github_MitjaNemec_PlaceFootprints.place_footprints 156:Footprint J18 on root level
04-12 13:46:56 com_github_MitjaNemec_PlaceFootprints.place_footprints 156:Footprint J17 on root level
04-12 13:46:56 com_github_MitjaNemec_PlaceFootprints.place_footprints 156:Footprint J16 on root level
04-12 13:46:56 com_github_MitjaNemec_PlaceFootprints.place_footprints 156:Footprint J15 on root level
04-12 13:46:56 com_github_MitjaNemec_PlaceFootprints.place_footprints 156:Footprint J14 on root level
04-12 13:46:56 com_github_MitjaNemec_PlaceFootprints.place_footprints 156:Footprint J13 on root level
04-12 13:46:56 com_github_MitjaNemec_PlaceFootprints.place_footprints 156:Footprint J12 on root level
04-12 13:46:56 com_github_MitjaNemec_PlaceFootprints.place_footprints 156:Footprint J11 on root level
04-12 13:46:56 com_github_MitjaNemec_PlaceFootprints.place_footprints 156:Footprint J10 on root level
04-12 13:46:56 com_github_MitjaNemec_PlaceFootprints.place_footprints 156:Footprint J9 on root level
04-12 13:46:56 com_github_MitjaNemec_PlaceFootprints.place_footprints 156:Footprint J8 on root level
04-12 13:46:56 com_github_MitjaNemec_PlaceFootprints.place_footprints 156:Footprint J7 on root level
04-12 13:46:56 com_github_MitjaNemec_PlaceFootprints.place_footprints 156:Footprint J6 on root level
04-12 13:46:56 com_github_MitjaNemec_PlaceFootprints.place_footprints 156:Footprint H2 on root level
04-12 13:46:56 com_github_MitjaNemec_PlaceFootprints.place_footprints 156:Footprint H1 on root level
04-12 13:46:56 com_github_MitjaNemec_PlaceFootprints.place_footprints 156:Footprint J5 on root level
04-12 13:46:56 com_github_MitjaNemec_PlaceFootprints.place_footprints 156:Footprint J4 on root level
04-12 13:46:56 com_github_MitjaNemec_PlaceFootprints.place_footprints 156:Footprint J3 on root level
04-12 13:46:56 com_github_MitjaNemec_PlaceFootprints.place_footprints 156:Footprint J2 on root level
04-12 13:46:56 com_github_MitjaNemec_PlaceFootprints.place_footprints 156:Footprint J1 on root level
04-12 13:46:57 com_github_MitjaNemec_PlaceFootprints.action_place_footprints 830:Reference designator is: J
04-12 13:46:57 com_github_MitjaNemec_PlaceFootprints.action_place_footprints 831:Reference number is: 7
04-12 13:46:57 com_github_MitjaNemec_PlaceFootprints.action_place_footprints 863:Sorted and filtered list:
['J1', 'J2', 'J3', 'J4', 'J5', 'J6', 'J7', 'J8', 'J9', 'J10', 'J11', 'J12', 'J13', 'J14', 'J15', 'J16', 'J17', 'J18', 'J19', 'J20', 'J21', 'J22']
04-12 13:46:57 com_github_MitjaNemec_PlaceFootprints.action_place_footprints 359:wx.Colour(240, 240, 240, 255)
04-12 13:47:04 com_github_MitjaNemec_PlaceFootprints.action_place_footprints 490:'3'
04-12 13:47:04 com_github_MitjaNemec_PlaceFootprints.action_place_footprints 536:Preparing config for reference linear
04-12 13:47:04 com_github_MitjaNemec_PlaceFootprints.action_place_footprints 556:Saving config file
04-12 13:47:04 com_github_MitjaNemec_PlaceFootprints.action_place_footprints 558:Saved the config file
04-12 13:47:04 com_github_MitjaNemec_PlaceFootprints.action_place_footprints 901:Footprints to place:
['J7', 'J8', 'J9', 'J10', 'J11', 'J12']
04-12 13:47:04 com_github_MitjaNemec_PlaceFootprints.place_footprints 367:Starting placing with linear layout
04-12 13:47:04 com_github_MitjaNemec_PlaceFootprints.action_place_footprints 942:Placing complete
